2019-04-27 03:20:48.867 [main] INFO  com.company.Mastermind - system mode = false
2019-04-27 03:20:51.901 [main] INFO  com.company.Mastermind - username = USER
2019-04-27 03:20:52.316 [main] WARN  com.company.Mastermind - menu choice = 0
2019-04-27 03:20:53.342 [main] INFO  com.company.Mastermind - menu choice = 0
2019-04-27 03:20:53.343 [main] WARN  com.company.Mastermind - game choice = 0
2019-04-27 03:20:53.343 [main] WARN  com.company.Main - system mode = false
2019-04-27 03:20:53.343 [main] WARN  com.company.Mastermind - reset number case = 3
2019-04-27 03:20:53.344 [main] WARN  com.company.Mastermind - reset chance = 
2019-04-27 03:20:53.344 [main] WARN  com.company.Mastermind - reset player number = 
2019-04-27 03:20:53.344 [main] WARN  com.company.Mastermind - reset array clue = ???
2019-04-27 03:20:53.344 [main] WARN  com.company.Mastermind - reset number well positioned = 0
2019-04-27 03:20:53.345 [main] WARN  com.company.Mastermind - reset number present = 0
2019-04-27 03:20:53.345 [main] INFO  com.company.Mastermind - number case = 3
2019-04-27 03:20:53.345 [main] INFO  com.company.Mastermind - minimum number = 100
2019-04-27 03:20:53.346 [main] INFO  com.company.Mastermind - maximum number = 999
2019-04-27 03:20:53.346 [main] INFO  com.company.Mastermind - random number = 575
2019-04-27 03:20:53.346 [main] WARN  com.company.Main - Brainy number = 575
2019-04-27 03:20:53.347 [main] INFO  com.company.Mastermind - good seizure previous number = ???
2019-04-27 03:20:54.770 [main] INFO  com.company.Mastermind - menu choice = 0
2019-04-27 03:20:54.771 [main] INFO  com.company.Mastermind - game choice = 0
2019-04-27 03:20:54.771 [main] INFO  com.company.Mastermind - number case = 3
2019-04-27 03:20:54.771 [main] INFO  com.company.Mastermind - chance = 4
2019-04-27 03:20:54.771 [main] INFO  com.company.Mastermind - name = USER
2019-04-27 03:20:54.771 [main] WARN  com.company.Mastermind - previous number = ???
2019-04-27 03:20:54.772 [main] WARN  com.company.Mastermind - player number = 
2019-04-27 03:20:54.772 [main] WARN  com.company.Mastermind - array clue = ???
2019-04-27 03:20:54.772 [main] WARN  com.company.Mastermind - number well positioned = 0
2019-04-27 03:20:54.772 [main] WARN  com.company.Mastermind - number present = 0
2019-04-27 03:20:54.773 [main] WARN  com.company.Getters - player number -> numeric = false
2019-04-27 03:20:55.325 [main] ERROR com.company.Getters - typing error for the player's number
2019-04-27 03:20:55.327 [main] ERROR com.company.Mastermind - typing error previous number = ???
2019-04-27 03:20:56.055 [main] INFO  com.company.Mastermind - menu choice = 0
2019-04-27 03:20:56.055 [main] INFO  com.company.Mastermind - game choice = 0
2019-04-27 03:20:56.056 [main] INFO  com.company.Mastermind - number case = 3
2019-04-27 03:20:56.056 [main] INFO  com.company.Mastermind - chance = 4
2019-04-27 03:20:56.056 [main] INFO  com.company.Mastermind - name = USER
2019-04-27 03:20:56.056 [main] WARN  com.company.Mastermind - previous number = ???
2019-04-27 03:20:56.057 [main] WARN  com.company.Mastermind - player number = 456
2019-04-27 03:20:56.057 [main] WARN  com.company.Mastermind - array clue = ???
2019-04-27 03:20:56.057 [main] WARN  com.company.Mastermind - number well positioned = 0
2019-04-27 03:20:56.057 [main] WARN  com.company.Mastermind - number present = 0
2019-04-27 03:20:56.057 [main] INFO  com.company.Mastermind - game choice = 0
2019-04-27 03:20:56.057 [main] INFO  com.company.Mastermind - username = USER
2019-04-27 03:20:56.483 [main] WARN  com.company.Mastermind - chance = 3
2019-04-27 03:20:56.485 [main] INFO  com.company.Mastermind - game choice = 0
2019-04-27 03:20:56.485 [main] INFO  com.company.Mastermind - number case = 3
2019-04-27 03:20:56.485 [main] WARN  com.company.Mastermind - number column 0 = 4 is becoming 5 
2019-04-27 03:20:56.486 [main] INFO  com.company.Mastermind - game choice = 0
2019-04-27 03:20:56.486 [main] INFO  com.company.Mastermind - number case = 3
2019-04-27 03:20:56.486 [main] WARN  com.company.Mastermind - number column 1 = 5 is becoming 6 
2019-04-27 03:20:56.486 [main] INFO  com.company.Mastermind - game choice = 0
2019-04-27 03:20:56.486 [main] INFO  com.company.Mastermind - number case = 3
2019-04-27 03:20:56.487 [main] WARN  com.company.Mastermind - number column 2 = 6 is becoming 5 
2019-04-27 03:20:56.487 [main] WARN  com.company.Mastermind - array clue = ++-
2019-04-27 03:20:56.487 [main] WARN  com.company.Mastermind - number well positioned : 
2019-04-27 03:20:56.487 [main] WARN  com.company.Mastermind - number present : 
2019-04-27 03:20:56.487 [main] INFO  com.company.Mastermind - good seizure previous number = 456
2019-04-27 03:20:57.722 [main] INFO  com.company.Mastermind - menu choice = 0
2019-04-27 03:20:57.722 [main] INFO  com.company.Mastermind - game choice = 0
2019-04-27 03:20:57.723 [main] INFO  com.company.Mastermind - number case = 3
2019-04-27 03:20:57.723 [main] INFO  com.company.Mastermind - chance = 3
2019-04-27 03:20:57.724 [main] INFO  com.company.Mastermind - name = USER
2019-04-27 03:20:57.724 [main] WARN  com.company.Mastermind - previous number = 456
2019-04-27 03:20:57.725 [main] WARN  com.company.Mastermind - player number = 888
2019-04-27 03:20:57.726 [main] WARN  com.company.Mastermind - array clue = ++-
2019-04-27 03:20:57.726 [main] WARN  com.company.Mastermind - number well positioned = 0
2019-04-27 03:20:57.726 [main] WARN  com.company.Mastermind - number present = 1
2019-04-27 03:20:57.727 [main] WARN  com.company.Getters - player number -> numeric = true
2019-04-27 03:20:57.728 [main] INFO  com.company.Mastermind - game choice = 0
2019-04-27 03:20:57.728 [main] INFO  com.company.Mastermind - username = USER
2019-04-27 03:20:58.165 [main] WARN  com.company.Mastermind - chance = 2
2019-04-27 03:20:58.165 [main] INFO  com.company.Mastermind - game choice = 0
2019-04-27 03:20:58.165 [main] INFO  com.company.Mastermind - number case = 3
2019-04-27 03:20:58.166 [main] WARN  com.company.Mastermind - number column 0 = 8 is becoming 7 
2019-04-27 03:20:58.166 [main] INFO  com.company.Mastermind - game choice = 0
2019-04-27 03:20:58.166 [main] INFO  com.company.Mastermind - number case = 3
2019-04-27 03:20:58.166 [main] WARN  com.company.Mastermind - number column 1 = 8 is becoming 7 
2019-04-27 03:20:58.166 [main] INFO  com.company.Mastermind - game choice = 0
2019-04-27 03:20:58.166 [main] INFO  com.company.Mastermind - number case = 3
2019-04-27 03:20:58.167 [main] WARN  com.company.Mastermind - number column 2 = 8 is becoming 7 
2019-04-27 03:20:58.167 [main] WARN  com.company.Mastermind - array clue = ---
2019-04-27 03:20:58.167 [main] WARN  com.company.Mastermind - number well positioned : 
2019-04-27 03:20:58.167 [main] WARN  com.company.Mastermind - number present : 
2019-04-27 03:20:58.167 [main] INFO  com.company.Mastermind - good seizure previous number = 888
2019-04-27 03:21:00.949 [main] INFO  com.company.Mastermind - menu choice = 0
2019-04-27 03:21:00.950 [main] INFO  com.company.Mastermind - game choice = 0
2019-04-27 03:21:00.950 [main] INFO  com.company.Mastermind - number case = 3
2019-04-27 03:21:00.951 [main] INFO  com.company.Mastermind - chance = 2
2019-04-27 03:21:00.951 [main] INFO  com.company.Mastermind - name = USER
2019-04-27 03:21:00.951 [main] WARN  com.company.Mastermind - previous number = 888
2019-04-27 03:21:00.952 [main] WARN  com.company.Mastermind - player number = 668
2019-04-27 03:21:00.952 [main] WARN  com.company.Mastermind - array clue = ---
2019-04-27 03:21:00.952 [main] WARN  com.company.Mastermind - number well positioned = 0
2019-04-27 03:21:00.952 [main] WARN  com.company.Mastermind - number present = 0
2019-04-27 03:21:00.953 [main] WARN  com.company.Getters - player number -> numeric = true
2019-04-27 03:21:00.954 [main] INFO  com.company.Mastermind - game choice = 0
2019-04-27 03:21:00.954 [main] INFO  com.company.Mastermind - username = USER
2019-04-27 03:21:01.348 [main] WARN  com.company.Mastermind - chance = 1
2019-04-27 03:21:01.349 [main] INFO  com.company.Mastermind - game choice = 0
2019-04-27 03:21:01.349 [main] INFO  com.company.Mastermind - number case = 3
2019-04-27 03:21:01.349 [main] WARN  com.company.Mastermind - number column 0 = 6 is becoming 5 
2019-04-27 03:21:01.350 [main] INFO  com.company.Mastermind - game choice = 0
2019-04-27 03:21:01.350 [main] INFO  com.company.Mastermind - number case = 3
2019-04-27 03:21:01.350 [main] WARN  com.company.Mastermind - number column 1 = 6 is becoming 7 
2019-04-27 03:21:01.351 [main] INFO  com.company.Mastermind - game choice = 0
2019-04-27 03:21:01.351 [main] INFO  com.company.Mastermind - number case = 3
2019-04-27 03:21:01.351 [main] WARN  com.company.Mastermind - number column 2 = 8 is becoming 7 
2019-04-27 03:21:01.351 [main] WARN  com.company.Mastermind - array clue = -+-
2019-04-27 03:21:01.352 [main] WARN  com.company.Mastermind - number well positioned : 
2019-04-27 03:21:01.352 [main] WARN  com.company.Mastermind - number present : 
2019-04-27 03:21:01.352 [main] INFO  com.company.Mastermind - good seizure previous number = 668
2019-04-27 03:21:07.151 [main] INFO  com.company.Mastermind - menu choice = 0
2019-04-27 03:21:07.153 [main] INFO  com.company.Mastermind - game choice = 0
2019-04-27 03:21:07.155 [main] INFO  com.company.Mastermind - number case = 3
2019-04-27 03:21:07.156 [main] INFO  com.company.Mastermind - chance = 1
2019-04-27 03:21:07.157 [main] INFO  com.company.Mastermind - name = USER
2019-04-27 03:21:07.158 [main] WARN  com.company.Mastermind - previous number = 668
2019-04-27 03:21:07.158 [main] WARN  com.company.Mastermind - player number = 594
2019-04-27 03:21:07.158 [main] WARN  com.company.Mastermind - array clue = -+-
2019-04-27 03:21:07.159 [main] WARN  com.company.Mastermind - number well positioned = 0
2019-04-27 03:21:07.159 [main] WARN  com.company.Mastermind - number present = 0
2019-04-27 03:21:07.159 [main] WARN  com.company.Getters - player number -> numeric = true
2019-04-27 03:21:07.160 [main] INFO  com.company.Mastermind - game choice = 0
2019-04-27 03:21:07.160 [main] INFO  com.company.Mastermind - username = USER
2019-04-27 03:21:07.688 [main] WARN  com.company.Mastermind - chance = 0
2019-04-27 03:21:07.689 [main] INFO  com.company.Mastermind - game choice = 0
2019-04-27 03:21:07.689 [main] INFO  com.company.Mastermind - number case = 3
2019-04-27 03:21:07.689 [main] WARN  com.company.Mastermind - number column 0 = 5 is becoming 5 
2019-04-27 03:21:07.689 [main] INFO  com.company.Mastermind - game choice = 0
2019-04-27 03:21:07.690 [main] INFO  com.company.Mastermind - number case = 3
2019-04-27 03:21:07.690 [main] WARN  com.company.Mastermind - number column 1 = 9 is becoming 8 
2019-04-27 03:21:07.690 [main] INFO  com.company.Mastermind - game choice = 0
2019-04-27 03:21:07.691 [main] INFO  com.company.Mastermind - number case = 3
2019-04-27 03:21:07.691 [main] WARN  com.company.Mastermind - number column 2 = 4 is becoming 5 
2019-04-27 03:21:07.691 [main] WARN  com.company.Mastermind - array clue = =-+
2019-04-27 03:21:07.692 [main] WARN  com.company.Mastermind - number well positioned : 
2019-04-27 03:21:07.692 [main] WARN  com.company.Mastermind - number present : 
2019-04-27 03:21:07.692 [main] INFO  com.company.Mastermind - game choice = 0
2019-04-27 03:21:07.693 [main] INFO  com.company.Mastermind - username = USER
2019-04-27 03:21:09.768 [main] WARN  com.company.Mastermind - chance = -1
2019-04-27 03:21:09.768 [main] INFO  com.company.Mastermind - game choice = 0
2019-04-27 03:21:09.769 [main] INFO  com.company.Mastermind - number case = 3
2019-04-27 03:21:09.769 [main] WARN  com.company.Mastermind - number column 0 = 5 is becoming 5 
2019-04-27 03:21:09.769 [main] INFO  com.company.Mastermind - game choice = 0
2019-04-27 03:21:09.769 [main] INFO  com.company.Mastermind - number case = 3
2019-04-27 03:21:09.770 [main] WARN  com.company.Mastermind - number column 1 = 9 is becoming 8 
2019-04-27 03:21:09.770 [main] INFO  com.company.Mastermind - game choice = 0
2019-04-27 03:21:09.771 [main] INFO  com.company.Mastermind - number case = 3
2019-04-27 03:21:09.771 [main] WARN  com.company.Mastermind - number column 2 = 4 is becoming 5 
2019-04-27 03:21:09.773 [main] WARN  com.company.Mastermind - array clue = =-+
2019-04-27 03:21:09.773 [main] WARN  com.company.Mastermind - number well positioned : 
2019-04-27 03:21:09.773 [main] WARN  com.company.Mastermind - number present : 
2019-04-27 03:21:12.387 [main] WARN  com.company.Main - replay = 1
2019-04-27 03:21:15.771 [main] WARN  com.company.Main - main menu = 1
